1646155613440	geckodriver	INFO	Listening on 127.0.0.1:52406
1646155616543	mozrunner::runner	INFO	Running command: "C:\\Program Files\\Mozilla Firefox\\firefox.exe" "--marionette" "--remote-debugging-port" "52407" "-no-remote" "-profile" "C:\\Users\\Micro\\AppData\\Local\\Temp\\rust_mozprofile9HGsd6"
1646155617889	Marionette	INFO	Marionette enabled
console.warn: SearchSettings: "get: No settings file exists, new profile?" (new NotFoundError("Could not open the file at C:\\Users\\Micro\\AppData\\Local\\Temp\\rust_mozprofile9HGsd6\\search.json.mozlz4", (void 0)))
DevTools listening on ws://localhost:52407/devtools/browser/23966480-5b50-4357-809a-a684b1932ce9
1646155622884	Marionette	INFO	Listening on port 52412
1646155623418	RemoteAgent	WARN	TLS certificate errors will be ignored for this session
console.error: Region.jsm: "Error fetching region" (new Error("TIMEOUT", "resource://gre/modules/Region.jsm", 772))
console.error: Region.jsm: "Failed to fetch region" (new Error("TIMEOUT", "resource://gre/modules/Region.jsm", 419))
console.warn: TopSitesFeed: Failed to fetch data from Contile server: NetworkError when attempting to fetch resource.
1646155634982	Marionette	INFO	Stopped listening on port 52412

###!!! [Parent][MessageChannel] Error: (msgtype=0x3A007A,name=PContent::Msg_DestroyBrowsingContextGroup) Closed channel: cannot send/recv


###!!! [Parent][MessageChannel] Error: (msgtype=0x3A007A,name=PContent::Msg_DestroyBrowsingContextGroup) Closed channel: cannot send/recv


###!!! [Parent][MessageChannel] Error: (msgtype=0x3A007A,name=PContent::Msg_DestroyBrowsingContextGroup) Closed channel: cannot send/recv


###!!! [Parent][MessageChannel] Error: (msgtype=0x3A007A,name=PContent::Msg_DestroyBrowsingContextGroup) Closed channel: cannot send/recv


###!!! [Parent][MessageChannel] Error: (msgtype=0x3A007A,name=PContent::Msg_DestroyBrowsingContextGroup) Closed channel: cannot send/recv


###!!! [Child][RunMessage] Error: Channel closing: too late to send/recv, messages will be lost


###!!! [Child][RunMessage] Error: Channel closing: too late to send/recv, messages will be lost


###!!! [Child][RunMessage] Error: Channel closing: too late to send/recv, messages will be lost


###!!! [Child][RunMessage] Error: Channel closing: too late to send/recv, messages will be lost


###!!! [Child][RunMessage] Error: Channel closing: too late to send/recv, messages will be lost

